Determining if the pthread_create exist failed with the following output:
Change Dir: /home/techknowfile/catkin_ws/build/CMakeFiles/CMakeTmp

Run Build Command:/usr/bin/make "cmTryCompileExec256141599/fast"
/usr/bin/make -f CMakeFiles/cmTryCompileExec256141599.dir/build.make CMakeFiles/cmTryCompileExec256141599.dir/build
make[1]: Entering directory `/home/techknowfile/catkin_ws/build/CMakeFiles/CMakeTmp'
/usr/bin/cmake -E cmake_progress_report /home/techknowfile/catkin_ws/build/CMakeFiles/CMakeTmp/CMakeFiles 1
Building C object CMakeFiles/cmTryCompileExec256141599.dir/CheckSymbolExists.c.o
/usr/bin/cc    -o CMakeFiles/cmTryCompileExec256141599.dir/CheckSymbolExists.c.o   -c /home/techknowfile/catkin_ws/build/CMakeFiles/CMakeTmp/CheckSymbolExists.c
Linking C executable cmTryCompileExec256141599
/usr/bin/cmake -E cmake_link_script CMakeFiles/cmTryCompileExec256141599.dir/link.txt --verbose=1
/usr/bin/cc       CMakeFiles/cmTryCompileExec256141599.dir/CheckSymbolExists.c.o  -o cmTryCompileExec256141599 -rdynamic 
CMakeFiles/cmTryCompileExec256141599.dir/CheckSymbolExists.c.o: In function `main':
CheckSymbolExists.c:(.text+0x16): undefined reference to `pthread_create'
collect2: error: ld returned 1 exit status
make[1]: Leaving directory `/home/techknowfile/catkin_ws/build/CMakeFiles/CMakeTmp'
make[1]: *** [cmTryCompileExec256141599] Error 1
make: *** [cmTryCompileExec256141599/fast] Error 2

File /home/techknowfile/catkin_ws/build/CMakeFiles/CMakeTmp/CheckSymbolExists.c:
/* */
#include <pthread.h>

int main(int argc, char** argv)
{
  (void)argv;
#ifndef pthread_create
  return ((int*)(&pthread_create))[argc];
#else
  (void)argc;
  return 0;
#endif
}

Determining if the function pthread_create exists in the pthreads failed with the following output:
Change Dir: /home/techknowfile/catkin_ws/build/CMakeFiles/CMakeTmp

Run Build Command:/usr/bin/make "cmTryCompileExec842487304/fast"
/usr/bin/make -f CMakeFiles/cmTryCompileExec842487304.dir/build.make CMakeFiles/cmTryCompileExec842487304.dir/build
make[1]: Entering directory `/home/techknowfile/catkin_ws/build/CMakeFiles/CMakeTmp'
/usr/bin/cmake -E cmake_progress_report /home/techknowfile/catkin_ws/build/CMakeFiles/CMakeTmp/CMakeFiles 1
Building C object CMakeFiles/cmTryCompileExec842487304.dir/CheckFunctionExists.c.o
/usr/bin/cc   -DCHECK_FUNCTION_EXISTS=pthread_create   -o CMakeFiles/cmTryCompileExec842487304.dir/CheckFunctionExists.c.o   -c /usr/share/cmake-2.8/Modules/CheckFunctionExists.c
Linking C executable cmTryCompileExec842487304
/usr/bin/cmake -E cmake_link_script CMakeFiles/cmTryCompileExec842487304.dir/link.txt --verbose=1
/usr/bin/cc   -DCHECK_FUNCTION_EXISTS=pthread_create    CMakeFiles/cmTryCompileExec842487304.dir/CheckFunctionExists.c.o  -o cmTryCompileExec842487304 -rdynamic -lpthreads 
/usr/bin/ld: cannot find -lpthreads
collect2: error: ld returned 1 exit status
make[1]: Leaving directory `/home/techknowfile/catkin_ws/build/CMakeFiles/CMakeTmp'
make[1]: *** [cmTryCompileExec842487304] Error 1
make: *** [cmTryCompileExec842487304/fast] Error 2


